Unknown:
C:\Users\n10695141\Desktop\RadiatingSlotOpenCavity(DATABASES)\Result\farfield (f=9)_1.fme
C:\Users\n10695141\Desktop\RadiatingSlotOpenCavity(DATABASES)\Result\hardware_resources.sconf
C:\Users\n10695141\Desktop\RadiatingSlotOpenCavity(DATABASES)\Result\ml_info.dat
C:\Users\n10695141\Desktop\RadiatingSlotOpenCavity(DATABASES)\Result\ml_info.log
C:\Users\n10695141\Desktop\RadiatingSlotOpenCavity(DATABASES)\Result\Model.log
C:\Users\n10695141\Desktop\RadiatingSlotOpenCavity(DATABASES)\Result\Model.sa
C:\Users\n10695141\Desktop\RadiatingSlotOpenCavity(DATABASES)\Result\Model.swp
C:\Users\n10695141\Desktop\RadiatingSlotOpenCavity(DATABASES)\Result\Port1_e1(#0000).sct
C:\Users\n10695141\Desktop\RadiatingSlotOpenCavity(DATABASES)\Result\Port1_eInfo1(#0000).pmf
C:\Users\n10695141\Desktop\RadiatingSlotOpenCavity(DATABASES)\Result\Port1_h1(#0000).sct
C:\Users\n10695141\Desktop\RadiatingSlotOpenCavity(DATABASES)\Result\Port1_hInfo1(#0000).pmf
C:\Users\n10695141\Desktop\RadiatingSlotOpenCavity(DATABASES)\Result\Port2_e1(#0000).sct
C:\Users\n10695141\Desktop\RadiatingSlotOpenCavity(DATABASES)\Result\Port2_eInfo1(#0000).pmf
C:\Users\n10695141\Desktop\RadiatingSlotOpenCavity(DATABASES)\Result\Port2_h1(#0000).sct
C:\Users\n10695141\Desktop\RadiatingSlotOpenCavity(DATABASES)\Result\Port2_hInfo1(#0000).pmf
C:\Users\n10695141\Desktop\RadiatingSlotOpenCavity(DATABASES)\Result\Postprocessing.log
C:\Users\n10695141\Desktop\RadiatingSlotOpenCavity(DATABASES)\Result\SolCoef(#0000)_1(1).scf
Mesh:
C:\Users\n10695141\Desktop\RadiatingSlotOpenCavity(DATABASES)\Result\3do.slim
C:\Users\n10695141\Desktop\RadiatingSlotOpenCavity(DATABASES)\Result\log.tet
C:\Users\n10695141\Desktop\RadiatingSlotOpenCavity(DATABASES)\Result\Mesh_Input.Entities2Mesh.tet
C:\Users\n10695141\Desktop\RadiatingSlotOpenCavity(DATABASES)\Result\Mesh_Input.Options.tet
C:\Users\n10695141\Desktop\RadiatingSlotOpenCavity(DATABASES)\Result\Mesh_Input.QuasiModel.tet
C:\Users\n10695141\Desktop\RadiatingSlotOpenCavity(DATABASES)\Result\Mesh_Output.QuasiModel.tet
C:\Users\n10695141\Desktop\RadiatingSlotOpenCavity(DATABASES)\Result\Mesh_Output.U2F.tet
C:\Users\n10695141\Desktop\RadiatingSlotOpenCavity(DATABASES)\Result\mir.tet
C:\Users\n10695141\Desktop\RadiatingSlotOpenCavity(DATABASES)\Result\moegeom.tet
C:\Users\n10695141\Desktop\RadiatingSlotOpenCavity(DATABASES)\Result\Port1.slim
C:\Users\n10695141\Desktop\RadiatingSlotOpenCavity(DATABASES)\Result\Port2.slim
C:\Users\n10695141\Desktop\RadiatingSlotOpenCavity(DATABASES)\Result\tetquality.tet
C:\Users\n10695141\Desktop\RadiatingSlotOpenCavity(DATABASES)\Result\topot.tet
Port:
C:\Users\n10695141\Desktop\RadiatingSlotOpenCavity(DATABASES)\Result\Model.pmi
